<?xml version="1.0" encoding="UTF-8"?>
<!-- Generated by org.testng.reporters.JUnitReportReporter -->
<testsuite hostname="LAPTOP-HIKG7N16" failures="0" tests="7" name="BTMau.ValidBody" time="0.034" errors="0" timestamp="2024-03-29T11:29:25 ICT" skipped="0">
  <testcase classname="BTMau.ValidBody" name="TC02_CheckID" time="0.000"/>
  <system-out/>
  <testcase classname="BTMau.ValidBody" name="TC05_CheckGender" time="0.006"/>
  <system-out/>
  <testcase classname="BTMau.ValidBody" name="TC06_CheckAge" time="0.008"/>
  <system-out/>
  <testcase classname="BTMau.ValidBody" name="TC04_CheckName" time="0.011"/>
  <system-out/>
  <testcase classname="BTMau.ValidBody" name="TC01_CheckStatus" time="0.001"/>
  <system-out/>
  <testcase classname="BTMau.ValidBody" name="TC07_CheckJob" time="0.007"/>
  <system-out/>
  <testcase classname="BTMau.ValidBody" name="TC03_CheckCreatedAt" time="0.001"/>
  <system-out/>
</testsuite> <!-- BTMau.ValidBody -->
